<?xml version="1.0" encoding="UTF-8"?>
<testng-results skipped="0" failed="0" total="1" passed="1">
  <reporter-output>
  </reporter-output>
  <suite name="Default suite" duration-ms="4906" started-at="2014-04-22T15:07:06Z" finished-at="2014-04-22T15:07:11Z">
    <groups>
      <group name="ACCEPTANCE">
        <method signature="ComEricssonOssServices_FunctionalTest.testOfCLI()[pri:0, instance:com.ericsson.oss.services.sut.test.cases.ComEricssonOssServices_FunctionalTest@669ac19]" name="testOfCLI" class="com.ericsson.oss.services.sut.test.cases.ComEricssonOssServices_FunctionalTest"/>
      </group> <!-- ACCEPTANCE -->
    </groups>
    <test name="Default test" duration-ms="4906" started-at="2014-04-22T15:07:06Z" finished-at="2014-04-22T15:07:11Z">
      <class name="com.ericsson.oss.services.sut.test.cases.ComEricssonOssServices_FunctionalTest">
        <test-method status="PASS" signature="testOfCLI()[pri:0, instance:com.ericsson.oss.services.sut.test.cases.ComEricssonOssServices_FunctionalTest@669ac19]" name="testOfCLI" duration-ms="4798" started-at="2014-04-22T16:07:06Z" finished-at="2014-04-22T16:07:11Z">
          <reporter-output>
          </reporter-output>
        </test-method> <!-- testOfCLI -->
      </class> <!-- com.ericsson.oss.services.sut.test.cases.ComEricssonOssServices_FunctionalTest -->
    </test> <!-- Default test -->
  </suite> <!-- Default suite -->
</testng-results>
